# JRE version: OpenJDK Runtime Environment Temurin-17.0.4.1+1 (17.0.4.1+1) (build 17.0.4.1+1)
# Java VM: OpenJDK 64-Bit Server VM Temurin-17.0.4.1+1 (17.0.4.1+1, mixed mode, sharing, tiered, compressed oops, compressed class ptrs, g1 gc, windows-amd64)
GC Precious Log:
 CPUs: 8 total, 8 available
 Memory: 32735M
 Large Page Support: Disabled
 NUMA Support: Disabled
 Compressed Oops: Enabled (Zero based)
 Heap Region Size: 4M
 Heap Min Capacity: 8M
 Heap Initial Capacity: 512M
 Heap Max Capacity: 8184M
 Pre-touch: Disabled
 Parallel Workers: 8
 Concurrent Workers: 2
 Concurrent Refinement Workers: 8
 Periodic GC: Disabled
Heap:
 garbage-first heap   total 1572864K, used 620740K [0x0000000600800000, 0x0000000800000000)
  region size 4096K, 90 young (368640K), 1 survivors (4096K)
 Metaspace       used 9497K, committed 9664K, reserved 1064960K
  class space    used 946K, committed 1024K, reserved 1048576K
GC Heap History (16 events):
Event: 0.586 GC heap before
{Heap before GC invocations=0 (full 0):
 garbage-first heap   total 524288K, used 49152K [0x0000000600800000, 0x0000000800000000)
  region size 4096K, 6 young (24576K), 0 survivors (0K)
 Metaspace       used 7694K, committed 7872K, reserved 1056768K
  class space    used 811K, committed 896K, reserved 1048576K
}
Event: 0.593 GC heap after
{Heap after GC invocations=1 (full 0):
 garbage-first heap   total 524288K, used 33096K [0x0000000600800000, 0x0000000800000000)
  region size 4096K, 1 young (4096K), 1 survivors (4096K)
 Metaspace       used 7694K, committed 7872K, reserved 1056768K
  class space    used 811K, committed 896K, reserved 1048576K
}
Event: 0.602 GC heap before
{Heap before GC invocations=1 (full 0):
 garbage-first heap   total 524288K, used 53576K [0x0000000600800000, 0x0000000800000000)
  region size 4096K, 6 young (24576K), 1 survivors (4096K)
 Metaspace       used 7696K, committed 7872K, reserved 1056768K
  class space    used 811K, committed 896K, reserved 1048576K
}
Event: 0.608 GC heap after
{Heap after GC invocations=2 (full 0):
 garbage-first heap   total 524288K, used 46588K [0x0000000600800000, 0x0000000800000000)
  region size 4096K, 1 young (4096K), 1 survivors (4096K)
 Metaspace       used 7696K, committed 7872K, reserved 1056768K
  class space    used 811K, committed 896K, reserved 1048576K
}
Event: 0.624 GC heap before
{Heap before GC invocations=2 (full 0):
 garbage-first heap   total 524288K, used 87548K [0x0000000600800000, 0x0000000800000000)
  region size 4096K, 9 young (36864K), 1 survivors (4096K)
 Metaspace       used 7696K, committed 7872K, reserved 1056768K
  class space    used 811K, committed 896K, reserved 1048576K
}
Event: 0.635 GC heap after
{Heap after GC invocations=3 (full 0):
 garbage-first heap   total 524288K, used 82419K [0x0000000600800000, 0x0000000800000000)
  region size 4096K, 2 young (8192K), 2 survivors (8192K)
 Metaspace       used 7696K, committed 7872K, reserved 1056768K
  class space    used 811K, committed 896K, reserved 1048576K
}
Event: 0.647 GC heap before
{Heap before GC invocations=3 (full 0):
 garbage-first heap   total 524288K, used 119283K [0x0000000600800000, 0x0000000800000000)
  region size 4096K, 9 young (36864K), 2 survivors (8192K)
 Metaspace       used 7696K, committed 7872K, reserved 1056768K
  class space    used 811K, committed 896K, reserved 1048576K
}
Event: 0.659 GC heap after
{Heap after GC invocations=4 (full 0):
 garbage-first heap   total 524288K, used 121217K [0x0000000600800000, 0x0000000800000000)
  region size 4096K, 2 young (8192K), 2 survivors (8192K)
 Metaspace       used 7696K, committed 7872K, reserved 1056768K
  class space    used 811K, committed 896K, reserved 1048576K
}
Event: 0.860 GC heap before
{Heap before GC invocations=4 (full 0):
 garbage-first heap   total 524288K, used 170369K [0x0000000600800000, 0x0000000800000000)
  region size 4096K, 10 young (40960K), 2 survivors (8192K)
 Metaspace       used 7797K, committed 8000K, reserved 1056768K
  class space    used 816K, committed 896K, reserved 1048576K
}
Event: 0.873 GC heap after
{Heap after GC invocations=5 (full 0):
 garbage-first heap   total 524288K, used 151552K [0x0000000600800000, 0x0000000800000000)
  region size 4096K, 2 young (8192K), 2 survivors (8192K)
 Metaspace       used 7797K, committed 8000K, reserved 1056768K
  class space    used 816K, committed 896K, reserved 1048576K
}
Event: 0.899 GC heap before
{Heap before GC invocations=5 (full 0):
 garbage-first heap   total 524288K, used 204800K [0x0000000600800000, 0x0000000800000000)
  region size 4096K, 13 young (53248K), 2 survivors (8192K)
 Metaspace       used 7797K, committed 8000K, reserved 1056768K
  class space    used 816K, committed 896K, reserved 1048576K
}
Event: 0.920 GC heap after
{Heap after GC invocations=6 (full 0):
 garbage-first heap   total 1572864K, used 198677K [0x0000000600800000, 0x0000000800000000)
  region size 4096K, 2 young (8192K), 2 survivors (8192K)
 Metaspace       used 7797K, committed 8000K, reserved 1056768K
  class space    used 816K, committed 896K, reserved 1048576K
}
Event: 1.542 GC heap before
{Heap before GC invocations=6 (full 0):
 garbage-first heap   total 1572864K, used 284693K [0x0000000600800000, 0x0000000800000000)
  region size 4096K, 19 young (77824K), 2 survivors (8192K)
 Metaspace       used 9082K, committed 9280K, reserved 1064960K
  class space    used 945K, committed 1024K, reserved 1048576K
}
Event: 1.559 GC heap after
{Heap after GC invocations=7 (full 0):
 garbage-first heap   total 1572864K, used 253952K [0x0000000600800000, 0x0000000800000000)
  region size 4096K, 3 young (12288K), 3 survivors (12288K)
 Metaspace       used 9082K, committed 9280K, reserved 1064960K
  class space    used 945K, committed 1024K, reserved 1048576K
}
Event: 3.196 GC heap before
{Heap before GC invocations=7 (full 0):
 garbage-first heap   total 1572864K, used 331776K [0x0000000600800000, 0x0000000800000000)
  region size 4096K, 22 young (90112K), 3 survivors (12288K)
 Metaspace       used 9151K, committed 9344K, reserved 1064960K
  class space    used 945K, committed 1024K, reserved 1048576K
}
Event: 3.201 GC heap after
{Heap after GC invocations=8 (full 0):
 garbage-first heap   total 1572864K, used 260292K [0x0000000600800000, 0x0000000800000000)
  region size 4096K, 1 young (4096K), 1 survivors (4096K)
 Metaspace       used 9151K, committed 9344K, reserved 1064960K
  class space    used 945K, committed 1024K, reserved 1048576K
}

